<?xml version="1.0" encoding="UTF-8" ?>
<testsuite failures="0" time="15.839" errors="0" skipped="0" tests="8" name="org.kumakros.forge.plugin.navigation.MarkTest">
  <properties>
[...]
</properties>
  <testcase time="4.055" classname="org.kumakros.forge.plugin.navigation.MarkTest" name="testAddGlobalMark"/>
  <testcase time="0.357" classname="org.kumakros.forge.plugin.navigation.MarkTest" name="testAddProjectMark"/>
  <testcase time="0.359" classname="org.kumakros.forge.plugin.navigation.MarkTest" name="testAddGlobalOverwriteMark"/>
  <testcase time="0.161" classname="org.kumakros.forge.plugin.navigation.MarkTest" name="testAddGlobalNonOverwriteMark"/>
  <testcase time="0.19" classname="org.kumakros.forge.plugin.navigation.MarkTest" name="testAddProjectOverwriteMark"/>
  <testcase time="0.426" classname="org.kumakros.forge.plugin.navigation.MarkTest" name="testAddProjectNonOverwriteMark"/>
  <testcase time="0.426" classname="org.kumakros.forge.plugin.navigation.MarkTest" name="testProjectOutside"/>
  <testcase time="0.229" classname="org.kumakros.forge.plugin.navigation.MarkTest" name="testList"/>
</testsuite>